[debug] [2024-12-18T16:43:41.692Z] ----------------------------------------------------------------------
[debug] [2024-12-18T16:43:41.694Z] Command:       C:\Program Files\nodejs\node.exe C:\Users\dell\AppData\Roaming\npm\node_modules\firebase-tools\lib\bin\firebase.js login
[debug] [2024-12-18T16:43:41.695Z] CLI Version:   13.29.1
[debug] [2024-12-18T16:43:41.695Z] Platform:      win32
[debug] [2024-12-18T16:43:41.695Z] Node Version:  v18.16.1
[debug] [2024-12-18T16:43:41.696Z] Time:          Wed Dec 18 2024 22:13:41 GMT+0530 (India Standard Time)
[debug] [2024-12-18T16:43:41.696Z] ----------------------------------------------------------------------
[debug] 
[info] i  Firebase optionally collects CLI and Emulator Suite usage and error reporting information to help improve our products. Data is collected in accordance with Google's privacy policy (https://policies.google.com/privacy) and is not used to identify you.
 
[info] i  To change your data collection preference at any time, run `firebase logout` and log in again. 
[info] 
[info] Visit this URL on this device to log in:
[info] https://accounts.google.com/o/oauth2/auth?client_id=563584335869-fgrhgmd47bqnekij5i8b5pr03ho849e6.apps.googleusercontent.com&scope=email%20openid%20https%3A%2F%2Fwww.googleapis.com%2Fauth%2Fcloudplatformprojects.readonly%20https%3A%2F%2Fwww.googleapis.com%2Fauth%2Ffirebase%20https%3A%2F%2Fwww.googleapis.com%2Fauth%2Fcloud-platform&response_type=code&state=1043663571&redirect_uri=http%3A%2F%2Flocalhost%3A9005
[info] 
[info] Waiting for authentication...
[debug] [2024-12-18T16:43:54.424Z] >>> [apiv2][query] POST https://accounts.google.com/o/oauth2/token [none]
[debug] [2024-12-18T16:43:54.425Z] >>> [apiv2][body] POST https://accounts.google.com/o/oauth2/token [omitted]
[debug] [2024-12-18T16:44:15.610Z] *** [apiv2] error from fetch(https://accounts.google.com/o/oauth2/token, {"headers":{},"method":"POST","body":{"_overheadLength":543,"_valueLength":208,"_valuesToMeasure":[],"writable":false,"readable":true,"dataSize":0,"maxDataSize":2097152,"pauseStreams":true,"_released":true,"_streams":[],"_currentStream":null,"_insideLoop":false,"_pendingNext":false,"_boundary":"--------------------------749681772792665379748759","_events":{},"_eventsCount":1}}): FetchError: request to https://accounts.google.com/o/oauth2/token failed, reason: connect ETIMEDOUT 2404:6800:4003:c1c::54:443
[debug] [2024-12-18T16:44:15.614Z] Token Fetch Error: FirebaseError: Failed to make request to https://accounts.google.com/o/oauth2/token
    at RetryOperation._fn (C:\Users\dell\AppData\Roaming\npm\node_modules\firebase-tools\lib\apiv2.js:261:31)
    at process.processTicksAndRejections (node:internal/process/task_queues:95:5)
[error] Authentication Error: Your credentials are no longer valid. Please run firebase login --reauth

For CI servers and headless environments, generate a new token with firebase login:ci
[debug] [2024-12-18T16:44:15.651Z] >>> [apiv2][query] POST https://auth.firebase.tools/attest [none]
[debug] [2024-12-18T16:44:15.656Z] >>> [apiv2][body] POST https://auth.firebase.tools/attest {"session_id":"dfaad958-6385-4306-b80c-90d965932b3d"}
[debug] [2024-12-18T16:44:36.708Z] *** [apiv2] error from fetch(https://auth.firebase.tools/attest, {"headers":{},"method":"POST","body":"{\"session_id\":\"dfaad958-6385-4306-b80c-90d965932b3d\"}"}): FetchError: request to https://auth.firebase.tools/attest failed, reason: connect ETIMEDOUT 2001:4860:4802:34::15:443
[debug] [2024-12-18T16:44:41.726Z] Error: Timed out.
    at Timeout._onTimeout (C:\Users\dell\AppData\Roaming\npm\node_modules\firebase-tools\lib\utils.js:269:49)
    at listOnTimeout (node:internal/timers:569:17)
    at process.processTimers (node:internal/timers:512:7)
[error] 
[error] Error: An unexpected error has occurred.
